<?xml version="1.0" encoding="UTF-8"?>
<!-- Generated by org.testng.reporters.JUnitReportReporter -->
<testsuite skipped="0" hostname="DESKTOP-3G93UIS" name="testCases.DeleteOneProductAdvanced" tests="4" failures="0" timestamp="03 Feb 2023 08:20:59 GMT" time="5.378" errors="0">
  <testcase name="createOneProduct" time="3.198" classname="testCases.DeleteOneProductAdvanced"/>
  <testcase name="readAllProducts" time="1.435" classname="testCases.DeleteOneProductAdvanced"/>
  <testcase name="deleteOneProduct" time="0.343" classname="testCases.DeleteOneProductAdvanced"/>
  <testcase name="readOneDeletedProduct" time="0.402" classname="testCases.DeleteOneProductAdvanced"/>
</testsuite> <!-- testCases.DeleteOneProductAdvanced -->
