<?xml version="1.0" encoding="UTF-8"?>
<!-- Generated by org.testng.reporters.JUnitReportReporter -->
<testsuite skipped="0" hostname="DESKTOP-3G93UIS" name="testCases.UpdateOneProductAdvanced" tests="4" failures="0" timestamp="03 Feb 2023 07:55:19 GMT" time="4.672" errors="0">
  <testcase name="createOneProduct" time="2.574" classname="testCases.UpdateOneProductAdvanced"/>
  <testcase name="readAllProducts" time="1.357" classname="testCases.UpdateOneProductAdvanced"/>
  <testcase name="updateOneProduct" time="0.338" classname="testCases.UpdateOneProductAdvanced"/>
  <testcase name="readOneUpdatedProduct" time="0.403" classname="testCases.UpdateOneProductAdvanced"/>
</testsuite> <!-- testCases.UpdateOneProductAdvanced -->
