<?xml version="1.0" encoding="UTF-8"?>
<!-- Generated by org.testng.reporters.JUnitReportReporter -->
<testsuite skipped="0" hostname="DESKTOP-3G93UIS" name="testCases.UpdateOneProduct" tests="2" failures="0" timestamp="03 Feb 2023 06:23:51 GMT" time="2.720" errors="0">
  <testcase name="updateOneProduct" time="2.297" classname="testCases.UpdateOneProduct"/>
  <testcase name="readOneUpdatedProduct" time="0.423" classname="testCases.UpdateOneProduct"/>
</testsuite> <!-- testCases.UpdateOneProduct -->
