<?xml version="1.0" encoding="UTF-8"?>
<!-- Generated by org.testng.reporters.JUnitReportReporter -->
<testsuite skipped="0" hostname="DESKTOP-3G93UIS" name="testCases.ReadOneProduct" tests="1" failures="0" timestamp="03 Feb 2023 04:30:37 GMT" time="1.793" errors="0">
  <testcase name="readOneProduct" time="1.793" classname="testCases.ReadOneProduct"/>
</testsuite> <!-- testCases.ReadOneProduct -->
