<?xml version="1.0" encoding="UTF-8"?>
<!-- Generated by org.testng.reporters.JUnitReportReporter -->
<testsuite skipped="0" hostname="DESKTOP-3G93UIS" name="testCases.CreateOneProduct" tests="3" failures="0" timestamp="03 Feb 2023 05:42:23 GMT" time="4.056" errors="0">
  <testcase name="createOneProduct" time="2.347" classname="testCases.CreateOneProduct"/>
  <testcase name="readAllProducts" time="1.340" classname="testCases.CreateOneProduct"/>
  <testcase name="readOneProduct" time="0.369" classname="testCases.CreateOneProduct"/>
</testsuite> <!-- testCases.CreateOneProduct -->
