<?xml version="1.0" encoding="UTF-8"?>
<!-- Generated by org.testng.reporters.JUnitReportReporter -->
<testsuite skipped="0" hostname="DESKTOP-3G93UIS" name="testCases.ReadAllProducts" tests="1" failures="0" timestamp="01 Feb 2023 23:32:04 GMT" time="3.173" errors="0">
  <testcase name="readAllProducts" time="3.173" classname="testCases.ReadAllProducts"/>
</testsuite> <!-- testCases.ReadAllProducts -->
